<?xml version="1.0" encoding="UTF-8"?>
<!-- Generated by org.testng.reporters.JUnitReportReporter -->
<testsuite skipped="0" hostname="8XRLRC2" name="com.agilent.cps.tests" tests="1" failures="0" timestamp="09 Jul 2020 10:27:40 GMT" time="0.017" errors="0">
  <testcase name="simpletest" time="0.017" classname="com.agilent.cps.tests"/>
</testsuite> <!-- com.agilent.cps.tests -->
